2024-09-23 00:03:50,222 - INFO - Updating pip...
2024-09-23 00:03:55,044 - INFO - Checking for outdated packages...
2024-09-23 00:03:57,657 - ERROR - Update process failed: ERROR: List format 'freeze' cannot be used with the --outdated option.

2024-09-23 00:09:33,915 - INFO - Updating pip...
2024-09-23 00:09:37,410 - INFO - Checking for outdated packages...
2024-09-23 00:09:57,154 - INFO - Updating pip...
2024-09-23 00:10:00,526 - INFO - Checking for outdated packages...
2024-09-24 02:13:40,786 - INFO - Downloading the latest Python version...
2024-09-24 02:13:41,288 - INFO - Installing the latest Python version...
2024-09-24 02:13:41,368 - ERROR - Unexpected error during update: [WinError 1392] The file or directory is corrupted and unreadable
2024-09-24 02:19:22,134 - INFO - Updating Python to the latest version...
2024-09-24 02:19:31,457 - INFO - Updating Python to the latest version...
2024-09-24 02:35:24,863 - INFO - Updating Python to the latest version...
2024-09-24 02:38:12,998 - INFO - Updating Python to the latest version...
2024-09-24 11:52:17,306 - INFO - Updating Python to the latest version...
2024-09-24 11:59:18,222 - INFO - Updating Python to the latest version...
2024-09-24 11:59:23,341 - ERROR - Unexpected error during update: UpdateWorker.update_complete[str, str] signal has 2 argument(s) but 1 provided
2024-09-24 12:00:43,970 - INFO - Updating Python to the latest version...
2024-09-24 12:00:50,481 - ERROR - Unexpected error during update: UpdateWorker.update_complete[str, str] signal has 2 argument(s) but 1 provided
2024-09-24 12:03:57,038 - INFO - Updating Python to the latest version...
2024-09-24 12:17:41,124 - INFO - Updating Python to the latest version...
2024-09-25 22:58:00,867 - INFO - Updating Python to the latest version...
2024-09-26 00:41:46,119 - INFO - Updating Python to the latest version...
2024-09-26 00:46:49,449 - INFO - Updating Python to the latest version...
2024-09-26 15:05:15,190 - INFO - Updating Python to the latest version...
